# JRE version: OpenJDK Runtime Environment (17.0.6) (build 17.0.6+0-b2043.56-10027231)
# Java VM: OpenJDK 64-Bit Server VM (17.0.6+0-b2043.56-10027231, mixed mode, tiered, compressed oops, compressed class ptrs, g1 gc, windows-amd64)
GC Precious Log:
 CPUs: 20 total, 20 available
 Memory: 16110M
 Large Page Support: Disabled
 NUMA Support: Disabled
 Compressed Oops: Enabled (32-bit)
 Heap Region Size: 1M
 Heap Min Capacity: 8M
 Heap Initial Capacity: 252M
 Heap Max Capacity: 1536M
 Pre-touch: Disabled
 Parallel Workers: 15
 Concurrent Workers: 4
 Concurrent Refinement Workers: 15
 Periodic GC: Disabled
Heap:
 garbage-first heap   total 68608K, used 49065K [0x00000000a0000000, 0x0000000100000000)
  region size 1024K, 29 young (29696K), 2 survivors (2048K)
 Metaspace       used 33295K, committed 33600K, reserved 1081344K
  class space    used 4565K, committed 4672K, reserved 1048576K
GC Heap History (10 events):
Event: 0.460 GC heap before
{Heap before GC invocations=0 (full 0):
 garbage-first heap   total 258048K, used 26624K [0x00000000a0000000, 0x0000000100000000)
  region size 1024K, 23 young (23552K), 0 survivors (0K)
 Metaspace       used 10485K, committed 10624K, reserved 1064960K
  class space    used 1090K, committed 1152K, reserved 1048576K
}
Event: 0.462 GC heap after
{Heap after GC invocations=1 (full 0):
 garbage-first heap   total 258048K, used 10221K [0x00000000a0000000, 0x0000000100000000)
  region size 1024K, 3 young (3072K), 3 survivors (3072K)
 Metaspace       used 10485K, committed 10624K, reserved 1064960K
  class space    used 1090K, committed 1152K, reserved 1048576K
}
Event: 0.651 GC heap before
{Heap before GC invocations=1 (full 0):
 garbage-first heap   total 258048K, used 38893K [0x00000000a0000000, 0x0000000100000000)
  region size 1024K, 31 young (31744K), 3 survivors (3072K)
 Metaspace       used 11489K, committed 11648K, reserved 1064960K
  class space    used 1196K, committed 1280K, reserved 1048576K
}
Event: 0.658 GC heap after
{Heap after GC invocations=2 (full 0):
 garbage-first heap   total 258048K, used 12467K [0x00000000a0000000, 0x0000000100000000)
  region size 1024K, 3 young (3072K), 3 survivors (3072K)
 Metaspace       used 11489K, committed 11648K, reserved 1064960K
  class space    used 1196K, committed 1280K, reserved 1048576K
}
Event: 1.450 GC heap before
{Heap before GC invocations=2 (full 0):
 garbage-first heap   total 258048K, used 57523K [0x00000000a0000000, 0x0000000100000000)
  region size 1024K, 48 young (49152K), 3 survivors (3072K)
 Metaspace       used 21281K, committed 21504K, reserved 1073152K
  class space    used 2559K, committed 2624K, reserved 1048576K
}
Event: 1.454 GC heap after
{Heap after GC invocations=3 (full 0):
 garbage-first heap   total 258048K, used 18363K [0x00000000a0000000, 0x0000000100000000)
  region size 1024K, 8 young (8192K), 8 survivors (8192K)
 Metaspace       used 21281K, committed 21504K, reserved 1073152K
  class space    used 2559K, committed 2624K, reserved 1048576K
}
Event: 1.888 GC heap before
{Heap before GC invocations=4 (full 0):
 garbage-first heap   total 68608K, used 50107K [0x00000000a0000000, 0x0000000100000000)
  region size 1024K, 40 young (40960K), 8 survivors (8192K)
 Metaspace       used 25696K, committed 25984K, reserved 1073152K
  class space    used 3331K, committed 3456K, reserved 1048576K
}
Event: 1.892 GC heap after
{Heap after GC invocations=5 (full 0):
 garbage-first heap   total 68608K, used 20154K [0x00000000a0000000, 0x0000000100000000)
  region size 1024K, 3 young (3072K), 3 survivors (3072K)
 Metaspace       used 25696K, committed 25984K, reserved 1073152K
  class space    used 3331K, committed 3456K, reserved 1048576K
}
Event: 2.299 GC heap before
{Heap before GC invocations=5 (full 0):
 garbage-first heap   total 68608K, used 46778K [0x00000000a0000000, 0x0000000100000000)
  region size 1024K, 30 young (30720K), 3 survivors (3072K)
 Metaspace       used 29674K, committed 30016K, reserved 1081344K
  class space    used 3975K, committed 4096K, reserved 1048576K
}
Event: 2.300 GC heap after
{Heap after GC invocations=6 (full 0):
 garbage-first heap   total 68608K, used 21417K [0x00000000a0000000, 0x0000000100000000)
  region size 1024K, 4 young (4096K), 4 survivors (4096K)
 Metaspace       used 29674K, committed 30016K, reserved 1081344K
  class space    used 3975K, committed 4096K, reserved 1048576K
}

