# JRE version: OpenJDK Runtime Environment (17.0.6) (build 17.0.6+0-b2043.56-10027231)
# Java VM: OpenJDK 64-Bit Server VM (17.0.6+0-b2043.56-10027231, mixed mode, tiered, compressed oops, compressed class ptrs, g1 gc, windows-amd64)
GC Precious Log:
 CPUs: 20 total, 20 available
 Memory: 16110M
 Large Page Support: Disabled
 NUMA Support: Disabled
 Compressed Oops: Enabled (32-bit)
 Heap Region Size: 1M
 Heap Min Capacity: 8M
 Heap Initial Capacity: 252M
 Heap Max Capacity: 1G
 Pre-touch: Disabled
 Parallel Workers: 15
 Concurrent Workers: 4
 Concurrent Refinement Workers: 15
 Periodic GC: Disabled
Heap:
 garbage-first heap   total 232448K, used 153438K [0x00000000c0000000, 0x0000000100000000)
  region size 1024K, 4 young (4096K), 4 survivors (4096K)
 Metaspace       used 109577K, committed 110336K, reserved 1146880K
  class space    used 14990K, committed 15360K, reserved 1048576K
GC Heap History (20 events):
Event: 11.104 GC heap after
{Heap after GC invocations=63 (full 0):
 garbage-first heap   total 164864K, used 127629K [0x00000000c0000000, 0x0000000100000000)
  region size 1024K, 3 young (3072K), 3 survivors (3072K)
 Metaspace       used 101677K, committed 102400K, reserved 1138688K
  class space    used 14058K, committed 14400K, reserved 1048576K
}
Event: 11.148 GC heap before
{Heap before GC invocations=63 (full 0):
 garbage-first heap   total 164864K, used 136845K [0x00000000c0000000, 0x0000000100000000)
  region size 1024K, 13 young (13312K), 3 survivors (3072K)
 Metaspace       used 101835K, committed 102528K, reserved 1138688K
  class space    used 14077K, committed 14400K, reserved 1048576K
}
Event: 11.151 GC heap after
{Heap after GC invocations=64 (full 0):
 garbage-first heap   total 164864K, used 134981K [0x00000000c0000000, 0x0000000100000000)
  region size 1024K, 2 young (2048K), 2 survivors (2048K)
 Metaspace       used 101835K, committed 102528K, reserved 1138688K
  class space    used 14077K, committed 14400K, reserved 1048576K
}
Event: 11.197 GC heap before
{Heap before GC invocations=64 (full 0):
 garbage-first heap   total 164864K, used 140101K [0x00000000c0000000, 0x0000000100000000)
  region size 1024K, 8 young (8192K), 2 survivors (2048K)
 Metaspace       used 102220K, committed 102912K, reserved 1138688K
  class space    used 14121K, committed 14464K, reserved 1048576K
}
Event: 11.199 GC heap after
{Heap after GC invocations=65 (full 0):
 garbage-first heap   total 164864K, used 136234K [0x00000000c0000000, 0x0000000100000000)
  region size 1024K, 1 young (1024K), 1 survivors (1024K)
 Metaspace       used 102220K, committed 102912K, reserved 1138688K
  class space    used 14121K, committed 14464K, reserved 1048576K
}
Event: 11.237 GC heap before
{Heap before GC invocations=65 (full 0):
 garbage-first heap   total 164864K, used 142378K [0x00000000c0000000, 0x0000000100000000)
  region size 1024K, 8 young (8192K), 1 survivors (1024K)
 Metaspace       used 102404K, committed 103104K, reserved 1138688K
  class space    used 14143K, committed 14464K, reserved 1048576K
}
Event: 11.239 GC heap after
{Heap after GC invocations=66 (full 0):
 garbage-first heap   total 164864K, used 136231K [0x00000000c0000000, 0x0000000100000000)
  region size 1024K, 1 young (1024K), 1 survivors (1024K)
 Metaspace       used 102404K, committed 103104K, reserved 1138688K
  class space    used 14143K, committed 14464K, reserved 1048576K
}
Event: 11.330 GC heap before
{Heap before GC invocations=67 (full 0):
 garbage-first heap   total 232448K, used 142375K [0x00000000c0000000, 0x0000000100000000)
  region size 1024K, 8 young (8192K), 1 survivors (1024K)
 Metaspace       used 103785K, committed 104448K, reserved 1146880K
  class space    used 14345K, committed 14656K, reserved 1048576K
}
Event: 11.332 GC heap after
{Heap after GC invocations=68 (full 0):
 garbage-first heap   total 232448K, used 136706K [0x00000000c0000000, 0x0000000100000000)
  region size 1024K, 1 young (1024K), 1 survivors (1024K)
 Metaspace       used 103785K, committed 104448K, reserved 1146880K
  class space    used 14345K, committed 14656K, reserved 1048576K
}
Event: 11.424 GC heap before
{Heap before GC invocations=68 (full 0):
 garbage-first heap   total 232448K, used 146946K [0x00000000c0000000, 0x0000000100000000)
  region size 1024K, 11 young (11264K), 1 survivors (1024K)
 Metaspace       used 104834K, committed 105600K, reserved 1146880K
  class space    used 14474K, committed 14848K, reserved 1048576K
}
Event: 11.427 GC heap after
{Heap after GC invocations=69 (full 0):
 garbage-first heap   total 232448K, used 135227K [0x00000000c0000000, 0x0000000100000000)
  region size 1024K, 2 young (2048K), 2 survivors (2048K)
 Metaspace       used 104834K, committed 105600K, reserved 1146880K
  class space    used 14474K, committed 14848K, reserved 1048576K
}
Event: 11.633 GC heap before
{Heap before GC invocations=69 (full 0):
 garbage-first heap   total 232448K, used 196667K [0x00000000c0000000, 0x0000000100000000)
  region size 1024K, 46 young (47104K), 2 survivors (2048K)
 Metaspace       used 106570K, committed 107264K, reserved 1146880K
  class space    used 14647K, committed 14976K, reserved 1048576K
}
Event: 11.637 GC heap after
{Heap after GC invocations=70 (full 0):
 garbage-first heap   total 232448K, used 139867K [0x00000000c0000000, 0x0000000100000000)
  region size 1024K, 6 young (6144K), 6 survivors (6144K)
 Metaspace       used 106570K, committed 107264K, reserved 1146880K
  class space    used 14647K, committed 14976K, reserved 1048576K
}
Event: 11.844 GC heap before
{Heap before GC invocations=70 (full 0):
 garbage-first heap   total 232448K, used 183899K [0x00000000c0000000, 0x0000000100000000)
  region size 1024K, 49 young (50176K), 6 survivors (6144K)
 Metaspace       used 108454K, committed 109184K, reserved 1146880K
  class space    used 14858K, committed 15232K, reserved 1048576K
}
Event: 11.846 GC heap after
{Heap after GC invocations=71 (full 0):
 garbage-first heap   total 232448K, used 143631K [0x00000000c0000000, 0x0000000100000000)
  region size 1024K, 4 young (4096K), 4 survivors (4096K)
 Metaspace       used 108454K, committed 109184K, reserved 1146880K
  class space    used 14858K, committed 15232K, reserved 1048576K
}
Event: 11.964 GC heap before
{Heap before GC invocations=71 (full 0):
 garbage-first heap   total 232448K, used 185615K [0x00000000c0000000, 0x0000000100000000)
  region size 1024K, 46 young (47104K), 4 survivors (4096K)
 Metaspace       used 108813K, committed 109504K, reserved 1146880K
  class space    used 14896K, committed 15232K, reserved 1048576K
}
Event: 11.967 GC heap after
{Heap after GC invocations=72 (full 0):
 garbage-first heap   total 232448K, used 147224K [0x00000000c0000000, 0x0000000100000000)
  region size 1024K, 5 young (5120K), 5 survivors (5120K)
 Metaspace       used 108813K, committed 109504K, reserved 1146880K
  class space    used 14896K, committed 15232K, reserved 1048576K
}
Event: 12.026 GC heap before
{Heap before GC invocations=72 (full 0):
 garbage-first heap   total 232448K, used 188184K [0x00000000c0000000, 0x0000000100000000)
  region size 1024K, 46 young (47104K), 5 survivors (5120K)
 Metaspace       used 109053K, committed 109760K, reserved 1146880K
  class space    used 14927K, committed 15296K, reserved 1048576K
}
Event: 12.028 GC heap after
{Heap after GC invocations=73 (full 0):
 garbage-first heap   total 232448K, used 150716K [0x00000000c0000000, 0x0000000100000000)
  region size 1024K, 6 young (6144K), 6 survivors (6144K)
 Metaspace       used 109053K, committed 109760K, reserved 1146880K
  class space    used 14927K, committed 15296K, reserved 1048576K
}
Event: 12.135 GC heap before
{Heap before GC invocations=73 (full 0):
 garbage-first heap   total 232448K, used 189628K [0x00000000c0000000, 0x0000000100000000)
  region size 1024K, 45 young (46080K), 6 survivors (6144K)
 Metaspace       used 109577K, committed 110336K, reserved 1146880K
  class space    used 14990K, committed 15360K, reserved 1048576K
}

